<?xml version="1.0" encoding="UTF-8"?>
<testsuite name="org.application.MallParkingLotTest" tests="7" skipped="0" failures="0" errors="0" timestamp="2022-10-17T00:14:51" hostname="cpm-Latitude-3410" time="0.218">
  <properties/>
  <testcase name="testUnParkForMotorCycle" classname="org.application.MallParkingLotTest" time="0.039"/>
  <testcase name="testParkBus" classname="org.application.MallParkingLotTest" time="0.03"/>
  <testcase name="testParkCar" classname="org.application.MallParkingLotTest" time="0.033"/>
  <testcase name="testParkScooter" classname="org.application.MallParkingLotTest" time="0.032"/>
  <testcase name="testUnParkForCar" classname="org.application.MallParkingLotTest" time="0.03"/>
  <testcase name="testUnParkForTruck" classname="org.application.MallParkingLotTest" time="0.028"/>
  <testcase name="testUnPark" classname="org.application.MallParkingLotTest" time="0.024"/>
  <system-out><![CDATA[]]></system-out>
  <system-err><![CDATA[]]></system-err>
</testsuite>
