<?xml version="1.0" encoding="UTF-8"?>
<testsuite name="org.application.SmallParkingLotTest" tests="4" skipped="0" failures="0" errors="0" timestamp="2022-10-17T00:14:51" hostname="cpm-Latitude-3410" time="0.117">
  <properties/>
  <testcase name="testUnParkForMotorCycle" classname="org.application.SmallParkingLotTest" time="0.024"/>
  <testcase name="testParkScooter" classname="org.application.SmallParkingLotTest" time="0.028"/>
  <testcase name="testUnParkForScooter" classname="org.application.SmallParkingLotTest" time="0.033"/>
  <testcase name="testInvalidParking" classname="org.application.SmallParkingLotTest" time="0.03"/>
  <system-out><![CDATA[]]></system-out>
  <system-err><![CDATA[]]></system-err>
</testsuite>
